  main.cpp
c:\users\alext\documents\github\portfilio 18-19\portfolio-alex-turnbull\fsm\fsm\main.cpp(6): error C2143: syntax error: missing ';' before '*'
c:\users\alext\documents\github\portfilio 18-19\portfolio-alex-turnbull\fsm\fsm\main.cpp(6): error C4430: missing type specifier - int assumed. Note: C++ does not support default-int
c:\users\alext\documents\github\portfilio 18-19\portfolio-alex-turnbull\fsm\fsm\main.cpp(6): error C2238: unexpected token(s) preceding ';'
c:\users\alext\documents\github\portfilio 18-19\portfolio-alex-turnbull\fsm\fsm\main.cpp(9): error C2061: syntax error: identifier 'FiniteStateMachine'
c:\users\alext\documents\github\portfilio 18-19\portfolio-alex-turnbull\fsm\fsm\main.cpp(22): error C2143: syntax error: missing ';' before '*'
c:\users\alext\documents\github\portfilio 18-19\portfolio-alex-turnbull\fsm\fsm\main.cpp(22): error C4430: missing type specifier - int assumed. Note: C++ does not support default-int
c:\users\alext\documents\github\portfilio 18-19\portfolio-alex-turnbull\fsm\fsm\main.cpp(22): error C2238: unexpected token(s) preceding ';'
c:\users\alext\documents\github\portfilio 18-19\portfolio-alex-turnbull\fsm\fsm\main.cpp(25): error C2065: 'fsm': undeclared identifier
c:\users\alext\documents\github\portfilio 18-19\portfolio-alex-turnbull\fsm\fsm\main.cpp(27): error C2039: 'fsm': is not a member of 'state_1'
  c:\users\alext\documents\github\portfilio 18-19\portfolio-alex-turnbull\fsm\fsm\main.cpp(20): note: see declaration of 'state_1'
c:\users\alext\documents\github\portfilio 18-19\portfolio-alex-turnbull\fsm\fsm\main.cpp(27): error C2065: 'fsm': undeclared identifier
c:\users\alext\documents\github\portfilio 18-19\portfolio-alex-turnbull\fsm\fsm\main.cpp(37): error C2065: 'fsm': undeclared identifier
c:\users\alext\documents\github\portfilio 18-19\portfolio-alex-turnbull\fsm\fsm\main.cpp(37): error C2227: left of '->changeState' must point to class/struct/union/generic type
  c:\users\alext\documents\github\portfilio 18-19\portfolio-alex-turnbull\fsm\fsm\main.cpp(37): note: type is 'unknown-type'
c:\users\alext\documents\github\portfilio 18-19\portfolio-alex-turnbull\fsm\fsm\main.cpp(37): error C2061: syntax error: identifier 'state_2'
c:\users\alext\documents\github\portfilio 18-19\portfolio-alex-turnbull\fsm\fsm\main.cpp(49): error C2143: syntax error: missing ';' before '*'
c:\users\alext\documents\github\portfilio 18-19\portfolio-alex-turnbull\fsm\fsm\main.cpp(49): error C4430: missing type specifier - int assumed. Note: C++ does not support default-int
c:\users\alext\documents\github\portfilio 18-19\portfolio-alex-turnbull\fsm\fsm\main.cpp(49): error C2238: unexpected token(s) preceding ';'
c:\users\alext\documents\github\portfilio 18-19\portfolio-alex-turnbull\fsm\fsm\main.cpp(52): error C2065: 'fsm': undeclared identifier
c:\users\alext\documents\github\portfilio 18-19\portfolio-alex-turnbull\fsm\fsm\main.cpp(53): error C2039: 'fsm': is not a member of 'state_2'
  c:\users\alext\documents\github\portfilio 18-19\portfolio-alex-turnbull\fsm\fsm\main.cpp(47): note: see declaration of 'state_2'
c:\users\alext\documents\github\portfilio 18-19\portfolio-alex-turnbull\fsm\fsm\main.cpp(53): error C2065: 'fsm': undeclared identifier
c:\users\alext\documents\github\portfilio 18-19\portfolio-alex-turnbull\fsm\fsm\main.cpp(63): error C2065: 'fsm': undeclared identifier
c:\users\alext\documents\github\portfilio 18-19\portfolio-alex-turnbull\fsm\fsm\main.cpp(63): error C2227: left of '->changeState' must point to class/struct/union/generic type
  c:\users\alext\documents\github\portfilio 18-19\portfolio-alex-turnbull\fsm\fsm\main.cpp(63): note: type is 'unknown-type'
